4/16 20:06:42.488  SPELL_CAST_START,Player-1596-09BBAC57,"Moob-TheMaelstrom",0x511,0x0,0000000000000000,nil,0x80000000,0x80000000,116011,"Rune of Power",0x40
4/16 20:06:48.241  SPELL_CAST_START,Player-1596-09BBAC57,"Moob-TheMaelstrom",0x511,0x0,0000000000000000,nil,0x80000000,0x80000000,133,"Fireball",0x4
4/16 20:06:50.308  SPELL_CAST_START,Player-1596-0839D8D3,"Nytelse-TheMaelstrom",0x518,0x0,0000000000000000,nil,0x80000000,0x80000000,224869,"Teleport: Dalaran - Broken Isles",0x40
4/16 20:07:02.346  SPELL_CAST_START,Player-1596-09BBAC57,"Moob-TheMaelstrom",0x511,0x0,0000000000000000,nil,0x80000000,0x80000000,133,"Fireball",0x4
4/16 20:07:04.396  SPELL_CAST_START,Player-1596-0833C0A3,"Sengi-TheMaelstrom",0x518,0x0,0000000000000000,nil,0x80000000,0x80000000,228352,"Empowering",0x1
4/16 20:07:05.359  SPELL_CAST_START,Player-1596-09BBAC57,"Moob-TheMaelstrom",0x511,0x0,0000000000000000,nil,0x80000000,0x80000000,133,"Fireball",0x4
4/16 20:07:07.068  SPELL_CAST_START,Player-1596-09BBAC57,"Moob-TheMaelstrom",0x511,0x0,0000000000000000,nil,0x80000000,0x80000000,133,"Fireball",0x4
4/16 20:07:11.008  SPELL_CAST_START,Player-1596-09BBAC57,"Moob-TheMaelstrom",0x511,0x0,0000000000000000,nil,0x80000000,0x80000000,133,"Fireball",0x4
4/16 20:07:12.837  SPELL_CAST_START,Player-1596-09BBAC57,"Moob-TheMaelstrom",0x511,0x0,0000000000000000,nil,0x80000000,0x80000000,133,"Fireball",0x4
4/16 20:07:19.467  SPELL_CAST_START,Player-1596-09BBAC57,"Moob-TheMaelstrom",0x511,0x0,0000000000000000,nil,0x80000000,0x80000000,11366,"Pyroblast",0x4
4/16 20:07:20.153  SPELL_CAST_START,Player-1596-09BBAC57,"Moob-TheMaelstrom",0x511,0x0,0000000000000000,nil,0x80000000,0x80000000,2948,"Scorch",0x4
4/16 20:07:20.834  SPELL_CAST_START,Player-1300-0907F75E,"Merope-Frostmane",0x518,0x0,0000000000000000,nil,0x80000000,0x80000000,237345,"Empowering",0x1
4/16 20:07:21.406  SPELL_CAST_START,Player-1596-09BBAC57,"Moob-TheMaelstrom",0x511,0x0,0000000000000000,nil,0x80000000,0x80000000,2948,"Scorch",0x4
4/16 20:07:22.490  SPELL_CAST_START,Player-1596-09BBAC57,"Moob-TheMaelstrom",0x511,0x0,0000000000000000,nil,0x80000000,0x80000000,2948,"Scorch",0x4
4/16 20:07:23.577  SPELL_CAST_START,Player-1596-09BBAC57,"Moob-TheMaelstrom",0x511,0x0,0000000000000000,nil,0x80000000,0x80000000,2948,"Scorch",0x4
4/16 20:07:24.260  SPELL_CAST_START,Player-1300-0907F75E,"Merope-Frostmane",0x518,0x0,0000000000000000,nil,0x80000000,0x80000000,228423,"Empowering",0x1
4/16 20:07:24.603  SPELL_CAST_START,Player-1596-09BBAC57,"Moob-TheMaelstrom",0x511,0x0,0000000000000000,nil,0x80000000,0x80000000,2948,"Scorch",0x4
4/16 20:07:26.304  SPELL_CAST_START,Player-1596-09BBAC57,"Moob-TheMaelstrom",0x511,0x0,0000000000000000,nil,0x80000000,0x80000000,2948,"Scorch",0x4
4/16 20:07:28.257  SPELL_CAST_START,Player-1596-09BBAC57,"Moob-TheMaelstrom",0x511,0x0,0000000000000000,nil,0x80000000,0x80000000,2948,"Scorch",0x4
4/16 20:07:29.315  SPELL_CAST_START,Player-1300-0907F75E,"Merope-Frostmane",0x518,0x0,0000000000000000,nil,0x80000000,0x80000000,227949,"Empowering",0x1
4/16 20:07:31.521  SPELL_CAST_START,Player-1596-09BBAC57,"Moob-TheMaelstrom",0x511,0x0,0000000000000000,nil,0x80000000,0x80000000,11366,"Pyroblast",0x4
