4/16 20:06:40.786  SPELL_CAST_SUCCESS,Player-1596-09BBAC57,"Moob-TheMaelstrom",0x511,0x0,0000000000000000,nil,0x80000000,0x80000000,229206,"Potion of Prolonged Power",0x1,Player-1596-09BBAC57,0000000000000000,3836820,3613680,0,50127,0,1155000,1155000,0,-860.29,4754.52,904
4/16 20:06:41.236  SPELL_CAST_SUCCESS,Player-1596-09BBAC57,"Moob-TheMaelstrom",0x511,0x0,Creature-0-3061-1513-29975-103397-00006EE850,"Greater Bulwark Construct",0x10a28,0x0,194466,"Phoenix's Flames",0x4,Player-1596-09BBAC57,0000000000000000,3836820,3836820,0,50127,0,1155000,1155000,0,-860.29,4754.52,904
4/16 20:06:43.795  SPELL_CAST_SUCCESS,Player-1596-09BBAC57,"Moob-TheMaelstrom",0x511,0x0,0000000000000000,nil,0x80000000,0x80000000,116011,"Rune of Power",0x40,Player-1596-09BBAC57,0000000000000000,3836820,3836820,0,50127,0,1155000,1155000,0,-860.29,4754.52,904
4/16 20:06:43.795  SPELL_CAST_SUCCESS,Player-1596-09BBAC57,"Moob-TheMaelstrom",0x511,0x0,0000000000000000,nil,0x80000000,0x80000000,153561,"Meteor",0x4,Player-1596-09BBAC57,0000000000000000,3836820,3836820,0,50127,0,1155000,1155000,11000,-860.29,4754.52,904
4/16 20:06:43.799  SPELL_CAST_SUCCESS,Player-1596-09BBAC57,"Moob-TheMaelstrom",0x511,0x0,0000000000000000,nil,0x80000000,0x80000000,116014,"Rune of Power",0x40,Player-1596-09BBAC57,0000000000000000,3836820,3836820,0,50127,0,1144709,1155000,0,-860.29,4754.52,904
4/16 20:06:44.368  SPELL_CAST_SUCCESS,Player-1596-0833C0A3,"Sengi-TheMaelstrom",0x518,0x0,0000000000000000,nil,0x80000000,0x80000000,1953,"Blink",0x40,Player-1596-0833C0A3,0000000000000000,3652740,3652740,0,47451,0,1096648,1356609,22000,-833.80,4695.10,907
4/16 20:06:44.881  SPELL_CAST_SUCCESS,Player-1596-09BBAC57,"Moob-TheMaelstrom",0x511,0x0,0000000000000000,nil,0x80000000,0x80000000,190319,"Combustion",0x4,Player-1596-09BBAC57,0000000000000000,3836820,3836820,0,50127,0,1155000,1155000,110000,-860.29,4754.52,904
4/16 20:06:45.514  SPELL_CAST_SUCCESS,Player-1596-09BBAC57,"Moob-TheMaelstrom",0x511,0x0,Creature-0-3061-1513-29975-103397-00006EE850,"Greater Bulwark Construct",0x10a28,0x0,194466,"Phoenix's Flames",0x4,Player-1596-09BBAC57,0000000000000000,3836820,3836820,0,50127,0,1056368,1155000,0,-860.29,4754.52,904
4/16 20:06:46.491  SPELL_CAST_SUCCESS,Player-1596-09BBAC57,"Moob-TheMaelstrom",0x511,0x0,Creature-0-3061-1513-29975-103397-00006EE850,"Greater Bulwark Construct",0x10a28,0x0,155158,"Meteor Burn",0x4,Player-1596-09BBAC57,0000000000000000,3836820,3836820,0,50127,0,1072109,1155000,0,-860.29,4754.52,904
4/16 20:06:46.966  SPELL_CAST_SUCCESS,Player-1596-09BBAC57,"Moob-TheMaelstrom",0x511,0x0,Creature-0-3061-1513-29975-103397-00006EE850,"Greater Bulwark Construct",0x10a28,0x0,11366,"Pyroblast",0x4,Player-1596-09BBAC57,0000000000000000,3836820,3836820,0,50127,0,1079221,1155000,22000,-860.29,4754.52,904
4/16 20:06:48.416  SPELL_CAST_SUCCESS,Player-1596-09BBAC57,"Moob-TheMaelstrom",0x511,0x0,Creature-0-3061-1513-29975-103397-00006EE850,"Greater Bulwark Construct",0x10a28,0x0,108853,"Fire Blast",0x4,Player-1596-09BBAC57,0000000000000000,3836820,3836820,0,50127,0,1083225,1155000,11000,-860.29,4754.52,904
4/16 20:06:49.792  SPELL_CAST_SUCCESS,Player-1596-09BBAC57,"Moob-TheMaelstrom",0x511,0x0,Creature-0-3061-1513-29975-103397-00006EE850,"Greater Bulwark Construct",0x10a28,0x0,133,"Fireball",0x4,Player-1596-09BBAC57,0000000000000000,3836820,3836820,0,50127,0,1094599,1155000,22000,-860.29,4754.52,904
4/16 20:06:49.792  SPELL_CAST_SUCCESS,Player-1596-09BBAC57,"Moob-TheMaelstrom",0x511,0x0,Creature-0-3061-1513-29975-103397-00006EE850,"Greater Bulwark Construct",0x10a28,0x0,11366,"Pyroblast",0x4,Player-1596-09BBAC57,0000000000000000,3836820,3836820,0,50127,0,1072599,1155000,22000,-860.29,4754.52,904
4/16 20:06:51.110  SPELL_CAST_SUCCESS,Player-1596-09BBAC57,"Moob-TheMaelstrom",0x511,0x0,Creature-0-3061-1513-29975-103397-00006EE850,"Greater Bulwark Construct",0x10a28,0x0,11366,"Pyroblast",0x4,Player-1596-09BBAC57,0000000000000000,3836820,3836820,0,50127,0,1071900,1155000,22000,-860.21,4754.28,904
4/16 20:06:51.340  SPELL_CAST_SUCCESS,Player-1596-085E0651,"Tamazin-TheMaelstrom",0x518,0x0,0000000000000000,nil,0x80000000,0x80000000,212653,"Shimmer",0x40,Player-1596-085E0651,0000000000000000,3593100,3593100,0,48011,0,1100000,1100000,22000,-928.29,4703.83,904
4/16 20:06:51.861  SPELL_CAST_SUCCESS,Player-1596-09BBAC57,"Moob-TheMaelstrom",0x511,0x0,Creature-0-3061-1513-29975-103397-00006EE850,"Greater Bulwark Construct",0x10a28,0x0,108853,"Fire Blast",0x4,Player-1596-09BBAC57,0000000000000000,3836820,3836820,0,50127,0,1062110,1155000,11000,-860.21,4754.28,904
4/16 20:06:52.204  SPELL_CAST_SUCCESS,Player-1300-04254F38,"Jáckpot-Frostmane",0x518,0x0,0000000000000000,nil,0x80000000,0x80000000,212653,"Shimmer",0x40,Player-1300-04254F38,0000000000000000,2091840,2091840,0,29738,0,1100000,1100000,22000,-925.73,4694.97,852
4/16 20:06:52.204  SPELL_CAST_SUCCESS,Player-1596-085E0651,"Tamazin-TheMaelstrom",0x518,0x0,0000000000000000,nil,0x80000000,0x80000000,212653,"Shimmer",0x40,Player-1596-085E0651,0000000000000000,3593100,3593100,0,48011,0,1092553,1100000,22000,-926.11,4698.56,904
4/16 20:06:52.436  SPELL_CAST_SUCCESS,Player-1596-09BBAC57,"Moob-TheMaelstrom",0x511,0x0,Creature-0-3061-1513-29975-103397-00006EE850,"Greater Bulwark Construct",0x10a28,0x0,11366,"Pyroblast",0x4,Player-1596-09BBAC57,0000000000000000,3836820,3836820,0,50127,0,1060235,1155000,22000,-860.21,4754.28,904
4/16 20:06:53.177  SPELL_CAST_SUCCESS,Player-1596-09BBAC57,"Moob-TheMaelstrom",0x511,0x0,Creature-0-3061-1513-29975-103397-00006EE850,"Greater Bulwark Construct",0x10a28,0x0,108853,"Fire Blast",0x4,Player-1596-09BBAC57,0000000000000000,3836820,3836820,0,50127,0,1050808,1155000,11000,-860.21,4754.28,904
4/16 20:06:53.697  SPELL_CAST_SUCCESS,Player-1596-09BBAC57,"Moob-TheMaelstrom",0x511,0x0,Creature-0-3061-1513-29975-103397-00006EE850,"Greater Bulwark Construct",0x10a28,0x0,11366,"Pyroblast",0x4,Player-1596-09BBAC57,0000000000000000,3836820,3836820,0,50127,0,1048569,1155000,22000,-860.21,4754.28,904
4/16 20:06:54.326  SPELL_CAST_SUCCESS,Player-1300-04254F38,"Jáckpot-Frostmane",0x518,0x0,0000000000000000,nil,0x80000000,0x80000000,212653,"Shimmer",0x40,Player-1300-04254F38,0000000000000000,2091840,2091840,0,29738,0,1100000,1100000,22000,-909.10,4668.32,852
4/16 20:06:55.068  SPELL_CAST_SUCCESS,Player-1596-09BBAC57,"Moob-TheMaelstrom",0x511,0x0,Creature-0-3061-1513-29975-103397-00006EE850,"Greater Bulwark Construct",0x10a28,0x0,194466,"Phoenix's Flames",0x4,Player-1596-09BBAC57,0000000000000000,3836820,3836820,0,50127,0,1047871,1155000,0,-860.46,4755.04,904
4/16 20:06:55.355  SPELL_CAST_SUCCESS,Player-1300-04F84C5F,"Sidé-Frostmane",0x518,0x0,0000000000000000,nil,0x80000000,0x80000000,11426,"Ice Barrier",0x10,Player-1300-04F84C5F,0000000000000000,3654714,3707700,0,46917,0,1100000,1100000,33000,-935.17,4706.40,908
4/16 20:06:55.641  SPELL_CAST_SUCCESS,Player-1300-06464847,"Rinîon-Frostmane",0x518,0x0,0000000000000000,nil,0x80000000,0x80000000,235313,"Blazing Barrier",0x4,Player-1300-06464847,0000000000000000,195240,195240,0,5772,0,150000,150000,4500,-914.17,4686.20,610
4/16 20:06:56.442  SPELL_CAST_SUCCESS,Player-1596-09BBAC57,"Moob-TheMaelstrom",0x511,0x0,Creature-0-3061-1513-29975-103397-00006EE850,"Greater Bulwark Construct",0x10a28,0x0,11366,"Pyroblast",0x4,Player-1596-09BBAC57,0000000000000000,3836820,3836820,0,50127,0,1069156,1155000,22000,-860.30,4754.54,904
4/16 20:06:58.450  SPELL_CAST_SUCCESS,Player-1596-09B3057A,"Uptoké-TheMaelstrom",0x518,0x0,0000000000000000,nil,0x80000000,0x80000000,11426,"Ice Barrier",0x10,Player-1596-09B3057A,0000000000000000,3735000,3735000,0,50026,0,1100000,1100000,33000,-832.55,4694.15,908
4/16 20:06:58.626  SPELL_CAST_SUCCESS,Player-1300-0452D2FD,"Getrektkiddo-Frostmane",0x518,0x0,0000000000000000,nil,0x80000000,0x80000000,212653,"Shimmer",0x40,Player-1300-0452D2FD,0000000000000000,1552260,1552260,0,22127,0,1100000,1100000,22000,-909.92,4678.68,807
4/16 20:06:59.529  SPELL_CAST_SUCCESS,Player-1596-0839D8D3,"Nytelse-TheMaelstrom",0x518,0x0,0000000000000000,nil,0x80000000,0x80000000,224869,"Teleport: Dalaran - Broken Isles",0x40,Player-1596-0839D8D3,0000000000000000,2340180,2340180,0,30672,0,1155000,1155000,33000,-882.63,4699.91,860
4/16 20:06:59.928  SPELL_CAST_SUCCESS,Player-1300-0452D2FD,"Getrektkiddo-Frostmane",0x518,0x0,0000000000000000,nil,0x80000000,0x80000000,212653,"Shimmer",0x40,Player-1300-0452D2FD,0000000000000000,1552260,1552260,0,22127,0,1098246,1100000,22000,-894.81,4686.48,807
4/16 20:07:00.154  SPELL_CAST_SUCCESS,Player-1596-09BBAC57,"Moob-TheMaelstrom",0x511,0x0,Creature-0-3061-1513-29975-103397-00006EE850,"Greater Bulwark Construct",0x10a28,0x0,108853,"Fire Blast",0x4,Player-1596-09BBAC57,0000000000000000,3836820,3836820,0,50127,0,1108107,1155000,11000,-859.55,4756.09,904
4/16 20:07:01.013  SPELL_CAST_SUCCESS,Player-1596-09BBAC57,"Moob-TheMaelstrom",0x511,0x0,Creature-0-3061-1513-29975-103397-00006EE850,"Greater Bulwark Construct",0x10a28,0x0,11366,"Pyroblast",0x4,Player-1596-09BBAC57,0000000000000000,3836820,3836820,0,50127,0,1111280,1155000,22000,-859.55,4756.09,904
4/16 20:07:01.773  SPELL_CAST_SUCCESS,Player-1596-09B3057A,"Uptoké-TheMaelstrom",0x518,0x0,0000000000000000,nil,0x80000000,0x80000000,212653,"Shimmer",0x40,Player-1596-09B3057A,0000000000000000,3735000,3735000,0,50026,0,1100000,1100000,22000,-839.09,4713.32,908
4/16 20:07:03.999  SPELL_CAST_SUCCESS,Player-1596-09BBAC57,"Moob-TheMaelstrom",0x511,0x0,Creature-0-3061-1513-29975-103397-00006EE850,"Greater Bulwark Construct",0x10a28,0x0,133,"Fireball",0x4,Player-1596-09BBAC57,0000000000000000,3836820,3836820,0,50127,0,1137724,1155000,22000,-859.55,4756.09,904
4/16 20:07:04.110  SPELL_CAST_SUCCESS,Player-1596-09BBAC57,"Moob-TheMaelstrom",0x511,0x0,Creature-0-3061-1513-29975-103397-00006EE850,"Greater Bulwark Construct",0x10a28,0x0,44457,"Living Bomb",0x4,Player-1596-09BBAC57,0000000000000000,3836820,3836820,0,50127,0,1118513,1155000,16500,-859.55,4756.09,904
4/16 20:07:06.212  SPELL_CAST_SUCCESS,Player-1596-0833C0A3,"Sengi-TheMaelstrom",0x518,0x0,0000000000000000,nil,0x80000000,0x80000000,228352,"Empowering",0x1,Player-1596-0833C0A3,0000000000000000,3744840,3744840,0,48961,0,138650,1100000,0,-825.03,4690.76,909
4/16 20:07:07.068  SPELL_CAST_SUCCESS,Player-1596-09BBAC57,"Moob-TheMaelstrom",0x511,0x0,Creature-0-3061-1513-29975-103397-00006EE850,"Greater Bulwark Construct",0x10a28,0x0,133,"Fireball",0x4,Player-1596-09BBAC57,0000000000000000,3836820,3836820,0,50127,0,1150374,1155000,22000,-859.55,4756.09,904
4/16 20:07:07.412  SPELL_CAST_SUCCESS,Player-1596-085E0651,"Tamazin-TheMaelstrom",0x518,0x0,0000000000000000,nil,0x80000000,0x80000000,212653,"Shimmer",0x40,Player-1596-085E0651,0000000000000000,3593100,3593100,0,48011,0,1100000,1100000,22000,-916.92,4680.80,904
4/16 20:07:08.725  SPELL_CAST_SUCCESS,Player-1596-09BBAC57,"Moob-TheMaelstrom",0x511,0x0,Creature-0-3061-1513-29975-103397-00006EE850,"Greater Bulwark Construct",0x10a28,0x0,133,"Fireball",0x4,Player-1596-09BBAC57,0000000000000000,3836820,3836820,0,50127,0,1155000,1155000,22000,-859.55,4756.09,904
4/16 20:07:09.237  SPELL_CAST_SUCCESS,Player-1596-09BBAC57,"Moob-TheMaelstrom",0x511,0x0,Creature-0-3061-1513-29975-103397-00006EE850,"Greater Bulwark Construct",0x10a28,0x0,108853,"Fire Blast",0x4,Player-1596-09BBAC57,0000000000000000,3836820,3836820,0,50127,0,1140739,1155000,11000,-859.55,4756.09,904
4/16 20:07:09.580  SPELL_CAST_SUCCESS,Player-1596-09BBAC57,"Moob-TheMaelstrom",0x511,0x0,Creature-0-3061-1513-29975-103397-00006EE850,"Greater Bulwark Construct",0x10a28,0x0,11366,"Pyroblast",0x4,Player-1596-09BBAC57,0000000000000000,3836820,3836820,0,50127,0,1138269,1155000,22000,-859.55,4756.09,904
4/16 20:07:11.008  SPELL_CAST_SUCCESS,Player-1300-0907F75E,"Merope-Frostmane",0x518,0x0,0000000000000000,nil,0x80000000,0x80000000,228960,"Empowering",0x1,Player-1300-0907F75E,0000000000000000,1439700,1439700,0,21028,0,1100000,1100000,0,-842.02,4735.10,799
4/16 20:07:12.611  SPELL_CAST_SUCCESS,Player-1596-09BBAC57,"Moob-TheMaelstrom",0x511,0x0,Creature-0-3061-1513-29975-103397-00006EE850,"Greater Bulwark Construct",0x10a28,0x0,133,"Fireball",0x4,Player-1596-09BBAC57,0000000000000000,3836820,3836820,0,50127,0,1155000,1155000,22000,-859.55,4756.09,904
4/16 20:07:14.039  SPELL_CAST_SUCCESS,Player-1596-09BBAC57,"Moob-TheMaelstrom",0x511,0x0,Creature-0-3061-1513-29975-103397-00006EE850,"Greater Bulwark Construct",0x10a28,0x0,133,"Fireball",0x4,Player-1596-09BBAC57,0000000000000000,3836820,3836820,0,50127,0,1155000,1155000,22000,-859.55,4756.09,904
4/16 20:07:14.211  SPELL_CAST_SUCCESS,Player-1596-09BBAC57,"Moob-TheMaelstrom",0x511,0x0,Creature-0-3061-1513-29975-103397-00006EE850,"Greater Bulwark Construct",0x10a28,0x0,11366,"Pyroblast",0x4,Player-1596-09BBAC57,0000000000000000,3836820,3836820,0,50127,0,1136514,1155000,22000,-859.55,4756.09,904
4/16 20:07:16.435  SPELL_CAST_SUCCESS,Player-1300-0907F75E,"Merope-Frostmane",0x518,0x0,0000000000000000,nil,0x80000000,0x80000000,228956,"Empowering",0x1,Player-1300-0907F75E,0000000000000000,1439700,1439700,0,21028,0,1100000,1100000,0,-842.02,4735.10,799
4/16 20:07:17.583  SPELL_CAST_SUCCESS,Player-1596-09BBAC57,"Moob-TheMaelstrom",0x511,0x0,Creature-0-3061-1513-29975-103397-00006EE850,"Greater Bulwark Construct",0x10a28,0x0,194466,"Phoenix's Flames",0x4,Player-1596-09BBAC57,0000000000000000,3836820,3836820,0,50127,0,1155000,1155000,0,-859.55,4756.09,904
4/16 20:07:17.756  SPELL_CAST_SUCCESS,Player-1300-0907F75E,"Merope-Frostmane",0x518,0x0,0000000000000000,nil,0x80000000,0x80000000,228956,"Empowering",0x1,Player-1300-0907F75E,0000000000000000,1439700,1439700,0,21028,0,1100000,1100000,0,-842.02,4735.10,799
4/16 20:07:18.499  SPELL_CAST_SUCCESS,Player-1596-09BBAC57,"Moob-TheMaelstrom",0x511,0x0,Creature-0-3061-1513-29975-103397-00006EE850,"Greater Bulwark Construct",0x10a28,0x0,11366,"Pyroblast",0x4,Player-1596-09BBAC57,0000000000000000,3836820,3836820,0,50127,0,1155000,1155000,22000,-859.55,4756.09,904
4/16 20:07:19.354  SPELL_CAST_SUCCESS,Player-1300-0907F75E,"Merope-Frostmane",0x518,0x0,0000000000000000,nil,0x80000000,0x80000000,241753,"Empowering",0x1,Player-1300-0907F75E,0000000000000000,1439700,1439700,0,21028,0,1100000,1100000,0,-842.02,4735.10,799
4/16 20:07:20.834  SPELL_CAST_SUCCESS,Player-1596-09BBAC57,"Moob-TheMaelstrom",0x511,0x0,Creature-0-3061-1513-29975-103397-00006EE850,"Greater Bulwark Construct",0x10a28,0x0,2948,"Scorch",0x4,Player-1596-09BBAC57,0000000000000000,3836820,3836820,0,50127,0,1155000,1155000,11000,-860.70,4755.71,904
4/16 20:07:22.093  SPELL_CAST_SUCCESS,Player-1596-083F213E,"Ghostreaper-Lightning'sBlade",0x548,0x0,0000000000000000,nil,0x80000000,0x80000000,233030,"Empowering",0x1,Player-1596-083F213E,0000000000000000,3410760,3410760,0,45313,0,1100000,1100000,0,-909.07,4725.18,890
4/16 20:07:22.263  SPELL_CAST_SUCCESS,Player-1596-09BBAC57,"Moob-TheMaelstrom",0x511,0x0,Creature-0-3061-1513-29975-103397-00006EE850,"Greater Bulwark Construct",0x10a28,0x0,2948,"Scorch",0x4,Player-1596-09BBAC57,0000000000000000,3836820,3836820,0,50127,0,1155000,1155000,11000,-860.70,4755.71,904
4/16 20:07:22.605  SPELL_CAST_SUCCESS,Player-1300-06464847,"Rinîon-Frostmane",0x518,0x0,0000000000000000,nil,0x80000000,0x80000000,212653,"Shimmer",0x40,Player-1300-06464847,0000000000000000,195240,195240,0,5772,0,150000,150000,3000,-840.09,4694.66,610
4/16 20:07:22.834  SPELL_CAST_SUCCESS,Player-1300-0907F75E,"Merope-Frostmane",0x518,0x0,0000000000000000,nil,0x80000000,0x80000000,237345,"Empowering",0x1,Player-1300-0907F75E,0000000000000000,1439700,1439700,0,21028,0,1100000,1100000,0,-842.02,4735.10,799
4/16 20:07:23.174  SPELL_CAST_SUCCESS,Player-1300-06464847,"Rinîon-Frostmane",0x518,0x0,0000000000000000,nil,0x80000000,0x80000000,212653,"Shimmer",0x40,Player-1300-06464847,0000000000000000,195240,195240,0,5772,0,148147,150000,3000,-859.86,4697.46,610
4/16 20:07:23.403  SPELL_CAST_SUCCESS,Player-1596-09BBAC57,"Moob-TheMaelstrom",0x511,0x0,Creature-0-3061-1513-29975-103397-00006EE850,"Greater Bulwark Construct",0x10a28,0x0,2948,"Scorch",0x4,Player-1596-09BBAC57,0000000000000000,3836820,3836820,0,50127,0,1155000,1155000,11000,-860.70,4755.71,904
4/16 20:07:24.430  SPELL_CAST_SUCCESS,Player-1596-09BBAC57,"Moob-TheMaelstrom",0x511,0x0,Creature-0-3061-1513-29975-103397-00006EE850,"Greater Bulwark Construct",0x10a28,0x0,2948,"Scorch",0x4,Player-1596-09BBAC57,0000000000000000,3836820,3836820,0,50127,0,1155000,1155000,11000,-860.70,4755.71,904
4/16 20:07:26.021  SPELL_CAST_SUCCESS,Player-1300-0907F75E,"Merope-Frostmane",0x518,0x0,0000000000000000,nil,0x80000000,0x80000000,228423,"Empowering",0x1,Player-1300-0907F75E,0000000000000000,1439700,1439700,0,21028,0,1100000,1100000,0,-842.02,4735.10,799
4/16 20:07:26.134  SPELL_CAST_SUCCESS,Player-1596-09BBAC57,"Moob-TheMaelstrom",0x511,0x0,Creature-0-3061-1513-29975-103397-00006EE850,"Greater Bulwark Construct",0x10a28,0x0,2948,"Scorch",0x4,Player-1596-09BBAC57,0000000000000000,3836820,3836820,0,50127,0,1155000,1155000,11000,-860.70,4755.71,904
4/16 20:07:27.733  SPELL_CAST_SUCCESS,Player-1596-09BBAC57,"Moob-TheMaelstrom",0x511,0x0,Creature-0-3061-1513-29975-103397-00006EE850,"Greater Bulwark Construct",0x10a28,0x0,2948,"Scorch",0x4,Player-1596-09BBAC57,0000000000000000,3836820,3836820,0,50127,0,1155000,1155000,11000,-864.26,4754.54,904
4/16 20:07:29.373  SPELL_CAST_SUCCESS,Player-1596-09BBAC57,"Moob-TheMaelstrom",0x511,0x0,Creature-0-3061-1513-29975-103397-00006EE850,"Greater Bulwark Construct",0x10a28,0x0,108853,"Fire Blast",0x4,Player-1596-09BBAC57,0000000000000000,3836820,3836820,0,50127,0,1155000,1155000,11000,-859.53,4756.09,904
4/16 20:07:29.716  SPELL_CAST_SUCCESS,Player-1596-09BBAC57,"Moob-TheMaelstrom",0x511,0x0,Creature-0-3061-1513-29975-103397-00006EE850,"Greater Bulwark Construct",0x10a28,0x0,2948,"Scorch",0x4,Player-1596-09BBAC57,0000000000000000,3836820,3836820,0,50127,0,1148026,1155000,11000,-859.53,4756.09,904
4/16 20:07:30.059  SPELL_CAST_SUCCESS,Player-1300-04F84C5F,"Sidé-Frostmane",0x518,0x0,0000000000000000,nil,0x80000000,0x80000000,11426,"Ice Barrier",0x10,Player-1300-04F84C5F,0000000000000000,3707700,3707700,0,46917,0,1100000,1100000,33000,-830.66,4688.16,908
4/16 20:07:30.059  SPELL_CAST_SUCCESS,Player-1596-09BBAC57,"Moob-TheMaelstrom",0x511,0x0,Creature-0-3061-1513-29975-103397-00006EE850,"Greater Bulwark Construct",0x10a28,0x0,11366,"Pyroblast",0x4,Player-1596-09BBAC57,0000000000000000,3836820,3836820,0,50127,0,1142356,1155000,22000,-859.53,4756.09,904
4/16 20:07:31.043  SPELL_CAST_SUCCESS,Player-1300-0907F75E,"Merope-Frostmane",0x518,0x0,0000000000000000,nil,0x80000000,0x80000000,227949,"Empowering",0x1,Player-1300-0907F75E,0000000000000000,1439700,1439700,0,21028,0,1100000,1100000,0,-842.02,4735.10,799
4/16 20:07:34.045  SPELL_CAST_SUCCESS,Player-1596-083F213E,"Ghostreaper-Lightning'sBlade",0x548,0x0,0000000000000000,nil,0x80000000,0x80000000,212653,"Shimmer",0x40,Player-1596-083F213E,0000000000000000,3410760,3410760,0,45313,0,1100000,1100000,22000,-905.27,4731.35,890
4/16 20:07:35.475  SPELL_CAST_SUCCESS,Player-1596-083F213E,"Ghostreaper-Lightning'sBlade",0x548,0x0,0000000000000000,nil,0x80000000,0x80000000,212653,"Shimmer",0x40,Player-1596-083F213E,0000000000000000,3410760,3410760,0,45313,0,1100000,1100000,22000,-889.95,4753.79,890
4/16 20:07:35.934  SPELL_CAST_SUCCESS,Player-1596-09BBAC57,"Moob-TheMaelstrom",0x511,0x0,Creature-0-3061-1513-29975-103397-00006EE850,"Greater Bulwark Construct",0x10a28,0x0,11366,"Pyroblast",0x4,Player-1596-09BBAC57,0000000000000000,3836820,3836820,0,50127,0,1155000,1155000,22000,-859.53,4756.09,904
4/16 20:07:36.972  SPELL_CAST_SUCCESS,Player-1596-083F213E,"Ghostreaper-Lightning'sBlade",0x548,0x0,0000000000000000,nil,0x80000000,0x80000000,11426,"Ice Barrier",0x10,Player-1596-083F213E,0000000000000000,3410760,3410760,0,45313,0,1100000,1100000,33000,-863.79,4752.79,890
4/16 20:07:38.381  SPELL_CAST_SUCCESS,Player-1596-09BBAC57,"Moob-TheMaelstrom",0x511,0x0,Creature-0-3061-1513-29975-103397-00006EE850,"Greater Bulwark Construct",0x10a28,0x0,2139,"Counterspell",0x40,Player-1596-09BBAC57,0000000000000000,3836820,3836820,0,50127,0,1155000,1155000,22000,-859.53,4756.09,904
