4/16 20:06:41.801  SPELL_CAST_FAILED,Player-1596-09BBAC57,"Moob-TheMaelstrom",0x511,0x0,0000000000000000,nil,0x80000000,0x80000000,116011,"Rune of Power",0x40,"Not yet recovered"
4/16 20:06:43.799  SPELL_CAST_FAILED,Player-1596-09BBAC57,"Moob-TheMaelstrom",0x511,0x0,0000000000000000,nil,0x80000000,0x80000000,153561,"Meteor",0x4,"Not yet recovered"
4/16 20:06:45.570  SPELL_CAST_FAILED,Player-1596-09BBAC57,"Moob-TheMaelstrom",0x511,0x0,0000000000000000,nil,0x80000000,0x80000000,194466,"Phoenix's Flames",0x4,"Not yet recovered"
4/16 20:06:47.606  SPELL_CAST_FAILED,Player-1596-09BBAC57,"Moob-TheMaelstrom",0x511,0x0,0000000000000000,nil,0x80000000,0x80000000,133,"Fireball",0x4,"Not yet recovered"
4/16 20:06:48.817  SPELL_CAST_FAILED,Player-1596-09BBAC57,"Moob-TheMaelstrom",0x511,0x0,0000000000000000,nil,0x80000000,0x80000000,11366,"Pyroblast",0x4,"Not yet recovered"
4/16 20:06:49.223  SPELL_CAST_FAILED,Player-1596-09BBAC57,"Moob-TheMaelstrom",0x511,0x0,0000000000000000,nil,0x80000000,0x80000000,11366,"Pyroblast",0x4,"Another action is in progress"
4/16 20:06:49.964  SPELL_CAST_FAILED,Player-1596-09BBAC57,"Moob-TheMaelstrom",0x511,0x0,0000000000000000,nil,0x80000000,0x80000000,11366,"Pyroblast",0x4,"Not yet recovered"
4/16 20:06:52.493  SPELL_CAST_FAILED,Player-1596-09BBAC57,"Moob-TheMaelstrom",0x511,0x0,0000000000000000,nil,0x80000000,0x80000000,11366,"Pyroblast",0x4,"Not yet recovered"
4/16 20:06:53.866  SPELL_CAST_FAILED,Player-1596-09BBAC57,"Moob-TheMaelstrom",0x511,0x0,0000000000000000,nil,0x80000000,0x80000000,11366,"Pyroblast",0x4,"Not yet recovered"
4/16 20:06:57.010  SPELL_CAST_FAILED,Player-1596-09BBAC57,"Moob-TheMaelstrom",0x511,0x0,0000000000000000,nil,0x80000000,0x80000000,194466,"Phoenix's Flames",0x4,"Not yet recovered"
4/16 20:06:58.962  SPELL_CAST_FAILED,Player-1596-09BBAC57,"Moob-TheMaelstrom",0x511,0x0,0000000000000000,nil,0x80000000,0x80000000,194466,"Phoenix's Flames",0x4,"Not yet recovered"
4/16 20:07:01.487  SPELL_CAST_FAILED,Player-1596-09BBAC57,"Moob-TheMaelstrom",0x511,0x0,0000000000000000,nil,0x80000000,0x80000000,133,"Fireball",0x4,"Not yet recovered"
4/16 20:07:04.280  SPELL_CAST_FAILED,Player-1596-09BBAC57,"Moob-TheMaelstrom",0x511,0x0,0000000000000000,nil,0x80000000,0x80000000,44457,"Living Bomb",0x4,"Not yet recovered"
4/16 20:07:05.360  SPELL_CAST_FAILED,Player-1596-09BBAC57,"Moob-TheMaelstrom",0x511,0x0,0000000000000000,nil,0x80000000,0x80000000,133,"Fireball",0x4,"Another action is in progress"
4/16 20:07:07.298  SPELL_CAST_FAILED,Player-1596-09BBAC57,"Moob-TheMaelstrom",0x511,0x0,0000000000000000,nil,0x80000000,0x80000000,133,"Fireball",0x4,"Another action is in progress"
4/16 20:07:10.149  SPELL_CAST_FAILED,Player-1596-09BBAC57,"Moob-TheMaelstrom",0x511,0x0,0000000000000000,nil,0x80000000,0x80000000,133,"Fireball",0x4,"Not yet recovered"
4/16 20:07:14.323  SPELL_CAST_FAILED,Player-1596-09BBAC57,"Moob-TheMaelstrom",0x511,0x0,0000000000000000,nil,0x80000000,0x80000000,11366,"Pyroblast",0x4,"Not yet recovered"
4/16 20:07:15.352  SPELL_CAST_FAILED,Player-1596-09BBAC57,"Moob-TheMaelstrom",0x511,0x0,0000000000000000,nil,0x80000000,0x80000000,194466,"Phoenix's Flames",0x4,"Not yet recovered"
4/16 20:07:18.614  SPELL_CAST_FAILED,Player-1596-09BBAC57,"Moob-TheMaelstrom",0x511,0x0,0000000000000000,nil,0x80000000,0x80000000,11366,"Pyroblast",0x4,"Not yet recovered"
4/16 20:07:19.467  SPELL_CAST_FAILED,Player-1596-09BBAC57,"Moob-TheMaelstrom",0x511,0x0,0000000000000000,nil,0x80000000,0x80000000,11366,"Pyroblast",0x4,"Interrupted"
